#
# There is insufficient memory for the Java Runtime Environment to continue.
# Native memory allocation (mmap) failed to map 260046848 bytes for G1 virtual space
# Possible reasons:
#   The system is out of physical RAM or swap space
#   The process is running with CompressedOops enabled, and the Java Heap may be blocking the growth of the native heap
# Possible solutions:
#   Reduce memory load on the system
#   Increase physical memory or swap space
#   Check if swap backing store is full
#   Decrease Java heap size (-Xmx/-Xms)
#   Decrease number of Java threads
#   Decrease Java thread stack sizes (-Xss)
#   Set larger code cache with -XX:ReservedCodeCacheSize=
#   JVM is running with Zero Based Compressed Oops mode in which the Java heap is
#     placed in the first 32GB address space. The Java Heap base address is the
#     maximum limit for the native heap growth. Please use -XX:HeapBaseMinAddress
#     to set the Java Heap base and to place the Java Heap above 32GB virtual address.
# This output file may be truncated or incomplete.
#
#  Out of Memory Error (os_windows.cpp:3600), pid=18100, tid=22552
#
# JRE version:  (21.0.2+13) (build )
# Java VM: Java HotSpot(TM) 64-Bit Server VM (21.0.2+13-LTS-jvmci-23.1-b30, mixed mode, sharing, tiered, jvmci, jvmci compiler, compressed oops, compressed class ptrs, g1 gc, windows-amd64)
# No core dump will be written. Minidumps are not enabled by default on client versions of Windows
#

---------------  S U M M A R Y ------------

Command Line: -XX:ThreadPriorityPolicy=1 -XX:+UnlockExperimentalVMOptions -XX:+EnableJVMCIProduct -XX:-UnlockExperimentalVMOptions -javaagent:D:\Apps data\IntelliJ IDEA Community Edition 2023.3.3\lib\idea_rt.jar=49942:D:\Apps data\IntelliJ IDEA Community Edition 2023.3.3\bin -Dfile.encoding=UTF-8 -Dsun.stdout.encoding=UTF-8 -Dsun.stderr.encoding=UTF-8 school.management.system.Main

Host: AMD Ryzen 7 5800H with Radeon Graphics         , 16 cores, 15G,  Windows 11 , 64 bit Build 22621 (10.0.22621.3085)
Time: Sat Mar 23 15:51:18 2024 GMT Standard Time elapsed time: 0.032934 seconds (0d 0h 0m 0s)

---------------  T H R E A D  ---------------

Current thread (0x0000029643bc0a50):  JavaThread "Unknown thread" [_thread_in_vm, id=22552, stack(0x000000be0b700000,0x000000be0b800000) (1024K)]

Stack: [0x000000be0b700000,0x000000be0b800000]
Native frames: (J=compiled Java code, j=interpreted, Vv=VM code, C=native code)
V  [jvm.dll+0x6d47c9]
V  [jvm.dll+0x8603a1]
V  [jvm.dll+0x86270e]
V  [jvm.dll+0x862df3]
V  [jvm.dll+0x281146]
V  [jvm.dll+0x6d0eb5]
V  [jvm.dll+0x6c58aa]
V  [jvm.dll+0x355eba]
V  [jvm.dll+0x35db06]
V  [jvm.dll+0x3ae96e]
V  [jvm.dll+0x3aec18]
V  [jvm.dll+0x3298cc]
V  [jvm.dll+0x32a45b]
V  [jvm.dll+0x828989]
V  [jvm.dll+0x3bbcf1]
V  [jvm.dll+0x811308]
V  [jvm.dll+0x44f7fe]
V  [jvm.dll+0x451101]
C  [jli.dll+0x52a3]
C  [ucrtbase.dll+0x29363]
C  [KERNEL32.DLL+0x1257d]
C  [ntdll.dll+0x5aa58]


---------------  P R O C E S S  ---------------

Threads class SMR info:
_java_thread_list=0x00007ffc93fe5b88, length=0, elements={
}

Java Threads: ( => current thread )
Total: 0

Other Threads:
  0x0000029645db0410 WorkerThread "GC Thread#0"                     [id=40160, stack(0x000000be0b800000,0x000000be0b900000) (1024K)]
  0x0000029645dc05a0 ConcurrentGCThread "G1 Main Marker"            [id=9440, stack(0x000000be0b900000,0x000000be0ba00000) (1024K)]
  0x0000029643c8df50 WorkerThread "G1 Conc#0"                       [id=16148, stack(0x000000be0ba00000,0x000000be0bb00000) (1024K)]

[error occurred during error reporting (printing all threads), id 0xc0000005, EXCEPTION_ACCESS_VIOLATION (0xc0000005) at pc=0x00007ffc9374c997]
VM state: not at safepoint (not fully initialized)

VM Mutex/Monitor currently owned by a thread:  ([mutex/lock_event])
[0x00007ffc94056e88] Heap_lock - owner thread: 0x0000029643bc0a50

Heap address: 0x0000000709800000, size: 3944 MB, Compressed Oops mode: Zero based, Oop shift amount: 3

CDS archive(s) mapped at: [0x0000000000000000-0x0000000000000000-0x0000000000000000), size 0, SharedBaseAddress: 0x0000000800000000, ArchiveRelocationMode: 1.
Narrow klass base: 0x0000000000000000, Narrow klass shift: 0, Narrow klass range: 0x0

GC Precious Log:
 CardTable entry size: 512
 Card Set container configuration: InlinePtr #cards 4 size 8 Array Of Cards #cards 16 size 48 Howl #buckets 8 coarsen threshold 3686 Howl Bitmap #cards 512 size 80 coarsen threshold 460 Card regions per heap region 1 cards per card region 4096

Heap:
 garbage-first heap   total 0K, used 0K [0x0000000709800000, 0x0000000800000000)
  region size 2048K, 0 young (0K), 0 survivors (0K)

[error occurred during error reporting (printing heap information), id 0xc0000005, EXCEPTION_ACCESS_VIOLATION (0xc0000005) at pc=0x00007ffc93b3d3d9]
GC Heap History (0 events):
No events

Dll operation events (1 events):
Event: 0.015 Loaded shared library C:\Users\Chaitanya\.jdks\graalvm-jdk-21.0.2\bin\java.dll

Deoptimization events (0 events):
No events

Classes loaded (0 events):
No events

Classes unloaded (0 events):
No events

Classes redefined (0 events):
No events

Internal exceptions (0 events):
No events

ZGC Phase Switch (0 events):
No events

VM Operations (0 events):
No events

Events (0 events):
No events


Dynamic libraries:
0x00007ff777570000 - 0x00007ff777580000 	C:\Users\Chaitanya\.jdks\graalvm-jdk-21.0.2\bin\java.exe
0x00007ffcfab50000 - 0x00007ffcfad67000 	C:\WINDOWS\SYSTEM32\ntdll.dll
0x00007ffcf9110000 - 0x00007ffcf91d4000 	C:\WINDOWS\System32\KERNEL32.DLL
0x00007ffcf80a0000 - 0x00007ffcf8446000 	C:\WINDOWS\System32\KERNELBASE.dll
0x00007ffcf7e90000 - 0x00007ffcf7fa1000 	C:\WINDOWS\System32\ucrtbase.dll
0x00007ffcf5a50000 - 0x00007ffcf5a69000 	C:\Users\Chaitanya\.jdks\graalvm-jdk-21.0.2\bin\jli.dll
0x00007ffcf5a00000 - 0x00007ffcf5a1b000 	C:\Users\Chaitanya\.jdks\graalvm-jdk-21.0.2\bin\VCRUNTIME140.dll
0x00007ffcfa6c0000 - 0x00007ffcfa773000 	C:\WINDOWS\System32\ADVAPI32.dll
0x00007ffcfa090000 - 0x00007ffcfa137000 	C:\WINDOWS\System32\msvcrt.dll
0x00007ffcf8e10000 - 0x00007ffcf8eb8000 	C:\WINDOWS\System32\sechost.dll
0x00007ffcf7fb0000 - 0x00007ffcf7fd8000 	C:\WINDOWS\System32\bcrypt.dll
0x00007ffcf8cf0000 - 0x00007ffcf8e07000 	C:\WINDOWS\System32\RPCRT4.dll
0x00007ffcf8b40000 - 0x00007ffcf8cee000 	C:\WINDOWS\System32\USER32.dll
0x00007ffcedf00000 - 0x00007ffcee193000 	C:\WINDOWS\WinSxS\amd64_microsoft.windows.common-controls_6595b64144ccf1df_6.0.22621.2506_none_270c5ae97388e100\COMCTL32.dll
0x00007ffcf8780000 - 0x00007ffcf87a6000 	C:\WINDOWS\System32\win32u.dll
0x00007ffcf9ef0000 - 0x00007ffcf9f19000 	C:\WINDOWS\System32\GDI32.dll
0x00007ffcf85c0000 - 0x00007ffcf86d8000 	C:\WINDOWS\System32\gdi32full.dll
0x00007ffcf86e0000 - 0x00007ffcf877a000 	C:\WINDOWS\System32\msvcp_win.dll
0x00007ffcefac0000 - 0x00007ffcefaca000 	C:\WINDOWS\SYSTEM32\VERSION.dll
0x00007ffcf91e0000 - 0x00007ffcf9211000 	C:\WINDOWS\System32\IMM32.DLL
0x00007ffcf5ac0000 - 0x00007ffcf5acc000 	C:\Users\Chaitanya\.jdks\graalvm-jdk-21.0.2\bin\vcruntime140_1.dll
0x00007ffcdd720000 - 0x00007ffcdd7ae000 	C:\Users\Chaitanya\.jdks\graalvm-jdk-21.0.2\bin\msvcp140.dll
0x00007ffc93410000 - 0x00007ffc94131000 	C:\Users\Chaitanya\.jdks\graalvm-jdk-21.0.2\bin\server\jvm.dll
0x00007ffcf8fe0000 - 0x00007ffcf9051000 	C:\WINDOWS\System32\WS2_32.dll
0x00007ffcf6d20000 - 0x00007ffcf6d6d000 	C:\WINDOWS\SYSTEM32\POWRPROF.dll
0x00007ffcefb10000 - 0x00007ffcefb44000 	C:\WINDOWS\SYSTEM32\WINMM.dll
0x00007ffcf6d00000 - 0x00007ffcf6d13000 	C:\WINDOWS\SYSTEM32\UMPDC.dll
0x00007ffcf6fc0000 - 0x00007ffcf6fd8000 	C:\WINDOWS\SYSTEM32\kernel.appcore.dll
0x00007ffcf59c0000 - 0x00007ffcf59ca000 	C:\Users\Chaitanya\.jdks\graalvm-jdk-21.0.2\bin\jimage.dll
0x00007ffcf5660000 - 0x00007ffcf5893000 	C:\WINDOWS\SYSTEM32\DBGHELP.DLL
0x00007ffcfa780000 - 0x00007ffcfab09000 	C:\WINDOWS\System32\combase.dll
0x00007ffcfa5e0000 - 0x00007ffcfa6b7000 	C:\WINDOWS\System32\OLEAUT32.dll
0x00007ffcec5d0000 - 0x00007ffcec602000 	C:\WINDOWS\SYSTEM32\dbgcore.DLL
0x00007ffcf87b0000 - 0x00007ffcf882a000 	C:\WINDOWS\System32\bcryptPrimitives.dll
0x00007ffcf59a0000 - 0x00007ffcf59af000 	C:\Users\Chaitanya\.jdks\graalvm-jdk-21.0.2\bin\instrument.dll
0x00007ffcf3230000 - 0x00007ffcf324f000 	C:\Users\Chaitanya\.jdks\graalvm-jdk-21.0.2\bin\java.dll

dbghelp: loaded successfully - version: 4.0.5 - missing functions: none
symbol engine: initialized successfully - sym options: 0x614 - pdb path: .;C:\Users\Chaitanya\.jdks\graalvm-jdk-21.0.2\bin;C:\WINDOWS\SYSTEM32;C:\WINDOWS\WinSxS\amd64_microsoft.windows.common-controls_6595b64144ccf1df_6.0.22621.2506_none_270c5ae97388e100;C:\Users\Chaitanya\.jdks\graalvm-jdk-21.0.2\bin\server

VM Arguments:
jvm_args: -XX:ThreadPriorityPolicy=1 -XX:+UnlockExperimentalVMOptions -XX:+EnableJVMCIProduct -XX:-UnlockExperimentalVMOptions -javaagent:D:\Apps data\IntelliJ IDEA Community Edition 2023.3.3\lib\idea_rt.jar=49942:D:\Apps data\IntelliJ IDEA Community Edition 2023.3.3\bin -Dfile.encoding=UTF-8 -Dsun.stdout.encoding=UTF-8 -Dsun.stderr.encoding=UTF-8 
java_command: school.management.system.Main
java_class_path (initial): E:\Study material\JAVA\School management System\out\production\School management System
Launcher Type: SUN_STANDARD

[Global flags]
     intx CICompilerCount                          = 12                                        {product} {ergonomic}
     uint ConcGCThreads                            = 3                                         {product} {ergonomic}
     bool EnableJVMCIProduct                       = true                                {JVMCI product} {jimage}
     uint G1ConcRefinementThreads                  = 13                                        {product} {ergonomic}
   size_t G1HeapRegionSize                         = 2097152                                   {product} {ergonomic}
    uintx GCDrainStackTargetSize                   = 64                                        {product} {ergonomic}
   size_t InitialHeapSize                          = 260046848                                 {product} {ergonomic}
   size_t MarkStackSize                            = 4194304                                   {product} {ergonomic}
   size_t MaxHeapSize                              = 4135583744                                {product} {ergonomic}
   size_t MinHeapDeltaBytes                        = 2097152                                   {product} {ergonomic}
   size_t MinHeapSize                              = 8388608                                   {product} {ergonomic}
    uintx NonNMethodCodeHeapSize                   = 10453100                               {pd product} {ergonomic}
    uintx NonProfiledCodeHeapSize                  = 120602570                              {pd product} {ergonomic}
     bool PerfDisableSharedMem                     = true                                      {product} {ergonomic}
    uintx ProfiledCodeHeapSize                     = 120602570                              {pd product} {ergonomic}
    uintx ReservedCodeCacheSize                    = 251658240                              {pd product} {ergonomic}
     bool SegmentedCodeCache                       = true                                      {product} {ergonomic}
   size_t SoftMaxHeapSize                          = 4135583744                             {manageable} {ergonomic}
      int ThreadPriorityPolicy                     = 1                                         {product} {jimage}
     bool UseCompressedOops                        = true                           {product lp64_product} {ergonomic}
     bool UseG1GC                                  = true                                      {product} {ergonomic}
     bool UseLargePagesIndividualAllocation        = false                                  {pd product} {ergonomic}

Logging:
Log output configuration:
 #0: stdout all=warning uptime,level,tags foldmultilines=false
 #1: stderr all=off uptime,level,tags foldmultilines=false

Environment Variables:
JAVA_HOME=C:\Program Files\Java\jdk-11.0.2
PATH=C:\Program Files\Common Files\Oracle\Java\javapath;C:\Program Files (x86)\Common Files\Oracle\Java\javapath;C:\Windows\system32;C:\Windows;C:\Windows\System32\Wbem;C:\Windows\System32\WindowsPowerShell\v1.0\;C:\Windows\System32\OpenSSH\;C:\Program Files (x86)\NVIDIA Corporation\PhysX\Common;C:\Program Files\NVIDIA Corporation\NVIDIA NvDLISR;C:\WINDOWS\system32;C:\WINDOWS;C:\WINDOWS\System32\Wbem;C:\WINDOWS\System32\WindowsPowerShell\v1.0\;C:\WINDOWS\System32\OpenSSH\;C:\Users\Chaitanya;C:\Users\Chaitanya\AppData\Local\Programs\Python\Python39;C:\Users\Chaitanya\AppData\Local\Programs\Python\Python39\Scripts;C:\Program Files\Git\cmd;C:\Program Files (x86)\Windows Kits\10\Windows Performance Toolkit\;C:\Program Files\Java\jdk-17\bin;C:\Program Files (x86)\Microsoft SQL Server\160\Tools\Binn\;C:\Program Files\Microsoft SQL Server\160\Tools\Binn\;C:\Program Files\Microsoft SQL Server\Client SDK\ODBC\170\Tools\Binn\;C:\Program Files\Microsoft SQL Server\160\DTS\Binn\;C:\Program Files\MySQL\MySQL Server 8.0\bin;C:\Program Files\MySQL\MySQL Server 8.0\bin;C:\Program Files\MySQL\MySQL Shell 8.0\bin\;C:\Users\Chaitanya\AppData\Local\Programs\Python\Python39\Scripts;C:\Users\Chaitanya\AppData\Local\Programs\Python\Python39;C:\Users\Chaitanya\AppData\Local\Microsoft\WindowsApps;C:\Users\Chaitanya\AppData\Local\Programs\Microsoft VS Code\bin;C:\Users\Chaitanya\AppData\Local\GitHubDesktop\bin;C:\Users\Chaitanya;C:\Users\Chaitanya\AppData\Local\Programs\Python\Python312;C:\Users\Chaitanya\AppData\Local\Programs\Python\Python312\Scripts;;D:\Apps data\IntelliJ IDEA Community Edition 2023.3.3\bin;
USERNAME=Chaitanya
OS=Windows_NT
PROCESSOR_IDENTIFIER=AMD64 Family 25 Model 80 Stepping 0, AuthenticAMD
TMP=C:\Users\CHAITA~1\AppData\Local\Temp
TEMP=C:\Users\CHAITA~1\AppData\Local\Temp




Periodic native trim disabled

---------------  S Y S T E M  ---------------

OS:
 Windows 11 , 64 bit Build 22621 (10.0.22621.3085)
OS uptime: 36 days 8:21 hours

CPU: total 16 (initial active 16) (16 cores per cpu, 2 threads per core) family 25 model 80 stepping 0 microcode 0x0, cx8, cmov, fxsr, ht, mmx, 3dnowpref, sse, sse2, sse3, ssse3, sse4a, sse4.1, sse4.2, popcnt, lzcnt, tsc, tscinvbit, avx, avx2, aes, erms, clmul, bmi1, bmi2, adx, sha, fma, vzeroupper, clflush, clflushopt, rdtscp, rdpid, fsrm, f16c, pku, cet_ss
Processor Information for processor 0
  Max Mhz: 3201, Current Mhz: 1882, Mhz Limit: 3201
Processor Information for processor 1
  Max Mhz: 3201, Current Mhz: 1802, Mhz Limit: 3201
Processor Information for processor 2
  Max Mhz: 3201, Current Mhz: 1882, Mhz Limit: 3201
Processor Information for processor 3
  Max Mhz: 3201, Current Mhz: 1802, Mhz Limit: 3201
Processor Information for processor 4
  Max Mhz: 3201, Current Mhz: 1882, Mhz Limit: 3201
Processor Information for processor 5
  Max Mhz: 3201, Current Mhz: 1802, Mhz Limit: 3201
Processor Information for processor 6
  Max Mhz: 3201, Current Mhz: 1882, Mhz Limit: 3201
Processor Information for processor 7
  Max Mhz: 3201, Current Mhz: 1802, Mhz Limit: 3201
Processor Information for processor 8
  Max Mhz: 3201, Current Mhz: 1882, Mhz Limit: 3201
Processor Information for processor 9
  Max Mhz: 3201, Current Mhz: 1802, Mhz Limit: 3201
Processor Information for processor 10
  Max Mhz: 3201, Current Mhz: 1882, Mhz Limit: 3201
Processor Information for processor 11
  Max Mhz: 3201, Current Mhz: 1802, Mhz Limit: 3201
Processor Information for processor 12
  Max Mhz: 3201, Current Mhz: 1802, Mhz Limit: 3201
Processor Information for processor 13
  Max Mhz: 3201, Current Mhz: 1882, Mhz Limit: 3201
Processor Information for processor 14
  Max Mhz: 3201, Current Mhz: 1802, Mhz Limit: 3201
Processor Information for processor 15
  Max Mhz: 3201, Current Mhz: 1802, Mhz Limit: 3201

Memory: 4k page, system-wide physical 15773M (813M free)
TotalPageFile size 47213M (AvailPageFile size 171M)
current process WorkingSet (physical memory assigned to process): 11M, peak: 11M
current process commit charge ("private bytes"): 71M, peak: 318M

vm_info: Java HotSpot(TM) 64-Bit Server VM (21.0.2+13-LTS-jvmci-23.1-b30) for windows-amd64 JRE (21.0.2+13-LTS-jvmci-23.1-b30), built on 2024-01-06T13:25:12Z by "OCIWIN03Buildbot" with MS VC++ 17.1 (VS2022)

END.
